
/home/runner/work/exp-implementation-coep/exp-implementation-coep/experiment/simulation/lib/jquery.js
  2:58     warning  'module' is not defined                                                    no-undef
  2:73     warning  'module' is not defined                                                    no-undef
  2:6324   warning  Expected a conditional expression and instead saw an assignment            no-cond-assign
  2:6580   warning  Expected a conditional expression and instead saw an assignment            no-cond-assign
  2:7011   warning  Expected a conditional expression and instead saw an assignment            no-cond-assign
  2:7270   warning  Empty block statement                                                      no-empty
  2:7839   warning  Expected a conditional expression and instead saw an assignment            no-cond-assign
  2:9709   warning  Expected a conditional expression and instead saw an assignment            no-cond-assign
  2:11311  warning  Expected a conditional expression and instead saw an assignment            no-cond-assign
  2:11887  warning  Expected a conditional expression and instead saw an assignment            no-cond-assign
  2:11925  warning  Expected a conditional expression and instead saw an assignment            no-cond-assign
  2:12343  warning  Empty block statement                                                      no-empty
  2:12906  warning  Expected a conditional expression and instead saw an assignment            no-cond-assign
  2:13218  warning  Expected a conditional expression and instead saw an assignment            no-cond-assign
  2:15046  warning  Expected a conditional expression and instead saw an assignment            no-cond-assign
  2:15317  warning  Expected a conditional expression and instead saw an assignment            no-cond-assign
  2:15517  warning  Expected a conditional expression and instead saw an assignment            no-cond-assign
  2:15893  warning  Do not access Object.prototype method 'hasOwnProperty' from target object  no-prototype-builtins
  2:16598  warning  Expected a conditional expression and instead saw an assignment            no-cond-assign
  2:18982  warning  Expected a conditional expression and instead saw an assignment            no-cond-assign
  2:19073  warning  Expected a conditional expression and instead saw an assignment            no-cond-assign
  2:19133  warning  Expected a conditional expression and instead saw an assignment            no-cond-assign
  2:20435  warning  Expected a conditional expression and instead saw an assignment            no-cond-assign
  2:21049  warning  Expected a conditional expression and instead saw an assignment            no-cond-assign
  2:21160  warning  Expected a conditional expression and instead saw an assignment            no-cond-assign
  2:23420  warning  Unnecessary escape character: \[                                           no-useless-escape
  2:23422  warning  Unnecessary escape character: \.                                           no-useless-escape
  2:30761  warning  Empty block statement                                                      no-empty
  2:31981  warning  Empty block statement                                                      no-empty
  3:7811   warning  Expected a conditional expression and instead saw an assignment            no-cond-assign
  3:7951   warning  Expected a conditional expression and instead saw an assignment            no-cond-assign
  3:8441   warning  Empty block statement                                                      no-empty
  3:11852  warning  Empty block statement                                                      no-empty
  3:14493  warning  Empty block statement                                                      no-empty
  3:24051  warning  Empty block statement                                                      no-empty
  3:26100  warning  Move function declaration to function body root                            no-inner-declarations
  3:30714  warning  Empty block statement                                                      no-empty
  4:2546   warning  Expected a conditional expression and instead saw an assignment            no-cond-assign
  4:5062   warning  Expected a conditional expression and instead saw an assignment            no-cond-assign
  4:11701  warning  Expected a conditional expression and instead saw an assignment            no-cond-assign
  4:13447  warning  Empty block statement                                                      no-empty
  4:14747  warning  Expected a conditional expression and instead saw an assignment            no-cond-assign
  4:14827  warning  Expected a conditional expression and instead saw an assignment            no-cond-assign
  4:15164  warning  Expected a conditional expression and instead saw an assignment            no-cond-assign
  4:15244  warning  Expected a conditional expression and instead saw an assignment            no-cond-assign
  4:15659  warning  Expected a conditional expression and instead saw an assignment            no-cond-assign
  4:15915  warning  Expected a conditional expression and instead saw an assignment            no-cond-assign
  4:16492  warning  Unnecessary escape character: \/                                           no-useless-escape
  4:17365  warning  Unnecessary escape character: \/                                           no-useless-escape
  4:17377  warning  Unnecessary escape character: \/                                           no-useless-escape
  4:17610  warning  Expected a conditional expression and instead saw an assignment            no-cond-assign
  4:20109  warning  Expected a conditional expression and instead saw an assignment            no-cond-assign
  4:22009  warning  Expected a conditional expression and instead saw an assignment            no-cond-assign
  4:27128  warning  Empty block statement                                                      no-empty
  4:27205  warning  Empty block statement                                                      no-empty
  5:812    warning  'define' is not defined                                                    no-undef
  5:824    warning  'define' is not defined                                                    no-undef

/home/runner/work/exp-implementation-coep/exp-implementation-coep/experiment/simulation/lib/jquery.min.js
  2:71     warning  'module' is not defined                                                    no-undef
  2:86     warning  'module' is not defined                                                    no-undef
  2:5433   warning  Unexpected control character(s) in regular expression: \x1f, \x1f          no-control-regex
  2:5916   warning  Expected a conditional expression and instead saw an assignment            no-cond-assign
  2:6170   warning  Expected a conditional expression and instead saw an assignment            no-cond-assign
  2:6614   warning  Expected a conditional expression and instead saw an assignment            no-cond-assign
  2:7404   warning  Expected a conditional expression and instead saw an assignment            no-cond-assign
  2:9497   warning  Expected a conditional expression and instead saw an assignment            no-cond-assign
  2:9807   warning  Expected a conditional expression and instead saw an assignment            no-cond-assign
  2:11608  warning  Expected a conditional expression and instead saw an assignment            no-cond-assign
  2:12183  warning  Expected a conditional expression and instead saw an assignment            no-cond-assign
  2:12221  warning  Expected a conditional expression and instead saw an assignment            no-cond-assign
  2:13234  warning  Expected a conditional expression and instead saw an assignment            no-cond-assign
  2:13546  warning  Expected a conditional expression and instead saw an assignment            no-cond-assign
  2:15374  warning  Expected a conditional expression and instead saw an assignment            no-cond-assign
  2:15645  warning  Expected a conditional expression and instead saw an assignment            no-cond-assign
  2:15843  warning  Expected a conditional expression and instead saw an assignment            no-cond-assign
  2:16217  warning  Do not access Object.prototype method 'hasOwnProperty' from target object  no-prototype-builtins
  2:16907  warning  Expected a conditional expression and instead saw an assignment            no-cond-assign
  2:18727  warning  Expected a conditional expression and instead saw an assignment            no-cond-assign
  2:18827  warning  Expected a conditional expression and instead saw an assignment            no-cond-assign
  2:18887  warning  Expected a conditional expression and instead saw an assignment            no-cond-assign
  2:19071  warning  Expected a conditional expression and instead saw an assignment            no-cond-assign
  2:20240  warning  Expected a conditional expression and instead saw an assignment            no-cond-assign
  2:21514  warning  Expected a conditional expression and instead saw an assignment            no-cond-assign
  2:21625  warning  Expected a conditional expression and instead saw an assignment            no-cond-assign
  2:23791  warning  Unnecessary escape character: \/                                           no-useless-escape
  2:33395  warning  Empty block statement                                                      no-empty
  2:37269  warning  Unnecessary escape character: \/                                           no-useless-escape
  2:38490  warning  Expected a conditional expression and instead saw an assignment            no-cond-assign
  2:38606  warning  Expected a conditional expression and instead saw an assignment            no-cond-assign
  2:39234  warning  Empty block statement                                                      no-empty
  2:46727  warning  Unnecessary escape character: \/                                           no-useless-escape
  2:49033  warning  Expected a conditional expression and instead saw an assignment            no-cond-assign
  2:50593  warning  Empty block statement                                                      no-empty
  2:58406  warning  Expected a conditional expression and instead saw an assignment            no-cond-assign
  2:59575  warning  Expected a conditional expression and instead saw an assignment            no-cond-assign
  2:65215  warning  Expected a conditional expression and instead saw an assignment            no-cond-assign
  2:66958  warning  Expected a conditional expression and instead saw an assignment            no-cond-assign
  2:67024  warning  Expected a conditional expression and instead saw an assignment            no-cond-assign
  2:67328  warning  Expected a conditional expression and instead saw an assignment            no-cond-assign
  2:67394  warning  Expected a conditional expression and instead saw an assignment            no-cond-assign
  2:67801  warning  Expected a conditional expression and instead saw an assignment            no-cond-assign
  2:68078  warning  Expected a conditional expression and instead saw an assignment            no-cond-assign
  2:73449  warning  Expected a conditional expression and instead saw an assignment            no-cond-assign
  2:75043  warning  Expected a conditional expression and instead saw an assignment            no-cond-assign
  2:75823  warning  'r.href' is assigned to itself                                             no-self-assign
  2:80414  warning  Empty block statement                                                      no-empty
  2:83525  warning  Expected a conditional expression and instead saw an assignment            no-cond-assign
  2:87869  warning  'define' is not defined                                                    no-undef
  2:87881  warning  'define' is not defined                                                    no-undef

/home/runner/work/exp-implementation-coep/exp-implementation-coep/experiment/simulation/lib/raphael.js
  5800:60  error  Parsing error: Deleting local variable in strict mode

/home/runner/work/exp-implementation-coep/exp-implementation-coep/experiment/simulation/lib/raphael.min.js
  1:66     warning  'module' is not defined                                                                                                                          no-undef
  1:112    warning  'define' is not defined                                                                                                                          no-undef
  1:123    warning  'define' is not defined                                                                                                                          no-undef
  1:161    warning  'exports' is not defined                                                                                                                         no-undef
  1:1566   warning  'DocumentTouch' is not defined                                                                                                                   no-undef
  1:2001   warning  Unnecessary escape character: \.                                                                                                                 no-useless-escape
  1:2017   warning  Unnecessary escape character: \.                                                                                                                 no-useless-escape
  1:2033   warning  Unnecessary escape character: \.                                                                                                                 no-useless-escape
  1:2052   warning  Unnecessary escape character: \.                                                                                                                 no-useless-escape
  1:2081   warning  Unnecessary escape character: \.                                                                                                                 no-useless-escape
  1:2110   warning  Unnecessary escape character: \.                                                                                                                 no-useless-escape
  1:2126   warning  Unnecessary escape character: \.                                                                                                                 no-useless-escape
  1:2145   warning  Unnecessary escape character: \.                                                                                                                 no-useless-escape
  1:2174   warning  Unnecessary escape character: \.                                                                                                                 no-useless-escape
  1:2203   warning  Unnecessary escape character: \.                                                                                                                 no-useless-escape
  1:2219   warning  Unnecessary escape character: \.                                                                                                                 no-useless-escape
  1:2238   warning  Unnecessary escape character: \.                                                                                                                 no-useless-escape
  1:2346   warning  Unnecessary escape character: \)                                                                                                                 no-useless-escape
  1:3257   warning  Unexpected control character(s) in regular expression: \x09, \x0a, \x0b, \x0c, \x0d, \x09, \x0a, \x0b, \x0c, \x0d                                no-control-regex
  1:3582   warning  Unexpected control character(s) in regular expression: \x09, \x0a, \x0b, \x0c, \x0d, \x09, \x0a, \x0b, \x0c, \x0d, \x09, \x0a, \x0b, \x0c, \x0d  no-control-regex
  1:3756   warning  Unnecessary escape character: \-                                                                                                                 no-useless-escape
  1:4055   warning  Unexpected control character(s) in regular expression: \x09, \x0a, \x0b, \x0c, \x0d, \x09, \x0a, \x0b, \x0c, \x0d, \x09, \x0a, \x0b, \x0c, \x0d  no-control-regex
  1:4222   warning  Unnecessary escape character: \-                                                                                                                 no-useless-escape
  1:4521   warning  Unexpected control character(s) in regular expression: \x09, \x0a, \x0b, \x0c, \x0d, \x09, \x0a, \x0b, \x0c, \x0d                                no-control-regex
  1:4539   warning  Unnecessary escape character: \-                                                                                                                 no-useless-escape
  1:4856   warning  Unexpected control character(s) in regular expression: \x09, \x0a, \x0b, \x0c, \x0d, \x09, \x0a, \x0b, \x0c, \x0d                                no-control-regex
  1:5154   warning  Unnecessary escape character: \)                                                                                                                 no-useless-escape
  1:7857   warning  'ActiveXObject' is not defined                                                                                                                   no-undef
  1:7931   warning  'createPopup' is not defined                                                                                                                     no-undef
  1:19015  warning  Expected a 'break' statement before 'default'                                                                                                    no-fallthrough
  1:20113  warning  Expected a 'break' statement before 'default'                                                                                                    no-fallthrough
  1:20421  warning  Expected a 'break' statement before 'default'                                                                                                    no-fallthrough
  1:24342  warning  Unnecessary escape character: \.                                                                                                                 no-useless-escape
  1:35757  warning  't' is defined but never used                                                                                                                    no-unused-vars
  1:49075  warning  'r' is defined but never used                                                                                                                    no-unused-vars
  1:50549  warning  'i' is defined but never used                                                                                                                    no-unused-vars
  1:50598  warning  'r' is defined but never used                                                                                                                    no-unused-vars
  1:52666  warning  Unnecessary escape character: \}                                                                                                                 no-useless-escape
  1:53074  warning  Empty block statement                                                                                                                            no-empty
  1:53754  warning  Unnecessary escape character: \)                                                                                                                 no-useless-escape
  1:60967  warning  Unnecessary escape character: \-                                                                                                                 no-useless-escape
  1:72245  warning  Unnecessary escape character: \-                                                                                                                 no-useless-escape
  1:72515  warning  Unnecessary escape character: \(                                                                                                                 no-useless-escape
  1:72517  warning  Unnecessary escape character: \)                                                                                                                 no-useless-escape
  1:75570  warning  Expected a conditional expression and instead saw an assignment                                                                                  no-cond-assign
  1:77369  warning  Expected a 'break' statement before 'case'                                                                                                       no-fallthrough
  1:77405  warning  Expected a 'break' statement before 'case'                                                                                                       no-fallthrough
  1:77447  warning  Expected a 'break' statement before 'case'                                                                                                       no-fallthrough
  1:77582  warning  Expected a 'break' statement before 'case'                                                                                                       no-fallthrough
  1:77619  warning  Expected a 'break' statement before 'case'                                                                                                       no-fallthrough
  1:77661  warning  Expected a 'break' statement before 'case'                                                                                                       no-fallthrough
  1:79325  warning  Expected a 'break' statement before 'case'                                                                                                       no-fallthrough
  1:79783  warning  Expected a 'break' statement before 'case'                                                                                                       no-fallthrough
  1:79973  warning  Expected a 'break' statement before 'default'                                                                                                    no-fallthrough
  1:80032  warning  Unnecessary escape character: \-                                                                                                                 no-useless-escape
  1:89485  warning  'r' is defined but never used                                                                                                                    no-unused-vars
  1:89543  warning  Unnecessary escape character: \.                                                                                                                 no-useless-escape
  1:89545  warning  Unnecessary escape character: \/                                                                                                                 no-useless-escape
  1:90733  warning  Unnecessary escape character: \.                                                                                                                 no-useless-escape
  1:90735  warning  Unnecessary escape character: \^                                                                                                                 no-useless-escape
  1:90739  warning  Unnecessary escape character: \[                                                                                                                 no-useless-escape
  1:90741  warning  Unnecessary escape character: \-                                                                                                                 no-useless-escape
  1:90780  warning  Unnecessary escape character: \.                                                                                                                 no-useless-escape
  1:90782  warning  Unnecessary escape character: \/                                                                                                                 no-useless-escape
  1:91000  warning  Do not access Object.prototype method 'hasOwnProperty' from target object                                                                        no-prototype-builtins

/home/runner/work/exp-implementation-coep/exp-implementation-coep/experiment/simulation/src/bootstrap.min.js
  6:99     warning  't' is defined but never used                                              no-unused-vars
  6:121    warning  'jQuery' is not defined                                                    no-undef
  6:1063   warning  'jQuery' is not defined                                                    no-undef
  6:2025   warning  'jQuery' is not defined                                                    no-undef
  6:3973   warning  'jQuery' is not defined                                                    no-undef
  6:8061   warning  'jQuery' is not defined                                                    no-undef
  6:11443  warning  'jQuery' is not defined                                                    no-undef
  6:13818  warning  'jQuery' is not defined                                                    no-undef
  6:20192  warning  'jQuery' is not defined                                                    no-undef
  6:23482  warning  Do not access Object.prototype method 'hasOwnProperty' from target object  no-prototype-builtins
  6:31057  warning  'jQuery' is not defined                                                    no-undef
  6:32796  warning  'jQuery' is not defined                                                    no-undef
  6:35218  warning  'jQuery' is not defined                                                    no-undef
  6:37052  warning  'jQuery' is not defined                                                    no-undef
  6:39546  warning  'jQuery' is not defined                                                    no-undef

/home/runner/work/exp-implementation-coep/exp-implementation-coep/experiment/simulation/src/mimic.js
    3:1    warning  '$' is not defined                                no-undef
   12:1    warning  '$' is not defined                                no-undef
   13:14   warning  '$' is not defined                                no-undef
   15:6    warning  '$' is not defined                                no-undef
   16:3    warning  'width' is assigned a value but never used        no-unused-vars
   16:11   warning  '$' is not defined                                no-undef
   17:3    warning  'paper' is not defined                            no-undef
   17:15   warning  'Raphael' is not defined                          no-undef
   18:3    warning  'paper' is not defined                            no-undef
   19:3    warning  'paper' is not defined                            no-undef
   21:3    warning  'paper' is not defined                            no-undef
   21:15   warning  'Raphael' is not defined                          no-undef
   22:3    warning  'paper' is not defined                            no-undef
   23:3    warning  'paper' is not defined                            no-undef
   27:2    warning  'x' is not defined                                no-undef
   28:2    warning  'y' is not defined                                no-undef
   29:2    warning  'time' is not defined                             no-undef
   30:2    warning  'flag' is not defined                             no-undef
   31:2    warning  'ht_in' is not defined                            no-undef
   32:2    warning  'ht_dec' is not defined                           no-undef
   38:6    warning  'ptd' is assigned a value but never used          no-unused-vars
   41:2    warning  'paper' is not defined                            no-undef
   41:20   warning  'x' is not defined                                no-undef
   41:39   warning  'y' is not defined                                no-undef
   41:67   warning  'x' is not defined                                no-undef
   41:86   warning  'y' is not defined                                no-undef
   45:14   warning  'paper' is not defined                            no-undef
   46:10   warning  'x' is not defined                                no-undef
   46:28   warning  'y' is not defined                                no-undef
   53:6    warning  'tank' is assigned a value but never used         no-unused-vars
   53:13   warning  'paper' is not defined                            no-undef
   53:31   warning  'x' is not defined                                no-undef
   53:50   warning  'y' is not defined                                no-undef
   53:93   warning  'x' is not defined                                no-undef
   53:105  warning  'y' is not defined                                no-undef
   53:131  warning  'x' is not defined                                no-undef
   53:143  warning  'y' is not defined                                no-undef
   56:2    warning  'paper' is not defined                            no-undef
   56:20   warning  'x' is not defined                                no-undef
   56:39   warning  'y' is not defined                                no-undef
   56:67   warning  'x' is not defined                                no-undef
   56:86   warning  'y' is not defined                                no-undef
   57:10   warning  'x' is not defined                                no-undef
   57:29   warning  'y' is not defined                                no-undef
   60:3    warning  'paper' is not defined                            no-undef
   60:21   warning  'x' is not defined                                no-undef
   60:40   warning  'y' is not defined                                no-undef
   60:68   warning  'x' is not defined                                no-undef
   60:86   warning  'y' is not defined                                no-undef
   61:6    warning  'x' is not defined                                no-undef
   61:24   warning  'y' is not defined                                no-undef
   61:58   warning  'x' is not defined                                no-undef
   61:76   warning  'y' is not defined                                no-undef
   67:3    warning  'paper' is not defined                            no-undef
   67:21   warning  'x' is not defined                                no-undef
   67:40   warning  'y' is not defined                                no-undef
   67:68   warning  'x' is not defined                                no-undef
   67:86   warning  'y' is not defined                                no-undef
   68:6    warning  'x' is not defined                                no-undef
   68:24   warning  'y' is not defined                                no-undef
   68:50   warning  'x' is not defined                                no-undef
   68:68   warning  'y' is not defined                                no-undef
   73:14   warning  'paper' is not defined                            no-undef
   74:10   warning  'x' is not defined                                no-undef
   74:28   warning  'y' is not defined                                no-undef
   81:14   warning  'paper' is not defined                            no-undef
   82:10   warning  'x' is not defined                                no-undef
   82:28   warning  'y' is not defined                                no-undef
   82:81   warning  'x' is not defined                                no-undef
   82:99   warning  'y' is not defined                                no-undef
   89:15   warning  'paper' is not defined                            no-undef
   89:33   warning  'x' is not defined                                no-undef
   89:51   warning  'y' is not defined                                no-undef
   96:15   warning  'paper' is not defined                            no-undef
   96:33   warning  'x' is not defined                                no-undef
   96:51   warning  'y' is not defined                                no-undef
  103:7    warning  'sv_V6' is assigned a value but never used        no-unused-vars
  103:15   warning  'paper' is not defined                            no-undef
  103:33   warning  'x' is not defined                                no-undef
  103:51   warning  'y' is not defined                                no-undef
  109:2    warning  Mixed spaces and tabs                             no-mixed-spaces-and-tabs
  114:21   warning  'paper' is not defined                            no-undef
  114:34   warning  'x' is not defined                                no-undef
  114:43   warning  'y' is not defined                                no-undef
  115:7    warning  'pump_circle' is already defined                  no-redeclare
  115:21   warning  'paper' is not defined                            no-undef
  115:34   warning  'x' is not defined                                no-undef
  115:43   warning  'y' is not defined                                no-undef
  116:7    warning  'pump_circle' is already defined                  no-redeclare
  116:21   warning  'paper' is not defined                            no-undef
  116:34   warning  'x' is not defined                                no-undef
  116:43   warning  'y' is not defined                                no-undef
  117:7    warning  'pump_circle' is already defined                  no-redeclare
  117:7    warning  'pump_circle' is assigned a value but never used  no-unused-vars
  117:21   warning  'paper' is not defined                            no-undef
  117:34   warning  'x' is not defined                                no-undef
  117:43   warning  'y' is not defined                                no-undef
  119:3    warning  'paper' is not defined                            no-undef
  119:21   warning  'x' is not defined                                no-undef
  119:40   warning  'y' is not defined                                no-undef
  119:68   warning  'x' is not defined                                no-undef
  119:86   warning  'y' is not defined                                no-undef
  120:6    warning  'x' is not defined                                no-undef
  120:24   warning  'y' is not defined                                no-undef
  120:49   warning  'x' is not defined                                no-undef
  120:67   warning  'y' is not defined                                no-undef
  121:5    warning  'x' is not defined                                no-undef
  121:23   warning  'y' is not defined                                no-undef
  121:48   warning  'x' is not defined                                no-undef
  121:66   warning  'y' is not defined                                no-undef
  122:5    warning  'x' is not defined                                no-undef
  122:23   warning  'y' is not defined                                no-undef
  122:51   warning  'x' is not defined                                no-undef
  122:69   warning  'y' is not defined                                no-undef
  126:6    warning  'x' is not defined                                no-undef
  126:25   warning  'y' is not defined                                no-undef
  126:61   warning  'x' is not defined                                no-undef
  126:79   warning  'y' is not defined                                no-undef
  127:6    warning  'x' is not defined                                no-undef
  127:25   warning  'y' is not defined                                no-undef
  127:54   warning  'x' is not defined                                no-undef
  127:72   warning  'y' is not defined                                no-undef
  128:6    warning  'x' is not defined                                no-undef
  128:25   warning  'y' is not defined                                no-undef
  128:54   warning  'x' is not defined                                no-undef
  128:72   warning  'y' is not defined                                no-undef
  129:6    warning  'x' is not defined                                no-undef
  129:25   warning  'y' is not defined                                no-undef
  129:54   warning  'x' is not defined                                no-undef
  129:72   warning  'y' is not defined                                no-undef
  130:6    warning  'x' is not defined                                no-undef
  130:25   warning  'y' is not defined                                no-undef
  130:54   warning  'x' is not defined                                no-undef
  130:72   warning  'y' is not defined                                no-undef
  131:6    warning  'x' is not defined                                no-undef
  131:25   warning  'y' is not defined                                no-undef
  131:54   warning  'x' is not defined                                no-undef
  131:72   warning  'y' is not defined                                no-undef
  132:6    warning  'x' is not defined                                no-undef
  132:25   warning  'y' is not defined                                no-undef
  132:54   warning  'x' is not defined                                no-undef
  132:72   warning  'y' is not defined                                no-undef
  133:6    warning  'x' is not defined                                no-undef
  133:25   warning  'y' is not defined                                no-undef
  133:54   warning  'x' is not defined                                no-undef
  133:72   warning  'y' is not defined                                no-undef
  136:14   warning  'x' is not defined                                no-undef
  136:16   warning  'y' is not defined                                no-undef
  140:15   warning  'paper' is not defined                            no-undef
  145:7    warning  'u2txt' is already defined                        no-redeclare
  145:15   warning  'paper' is not defined                            no-undef
  150:7    warning  'u2txt' is already defined                        no-redeclare
  150:15   warning  'paper' is not defined                            no-undef
  156:7    warning  'u2txt' is already defined                        no-redeclare
  156:15   warning  'paper' is not defined                            no-undef
  162:7    warning  'u2txt' is already defined                        no-redeclare
  162:15   warning  'paper' is not defined                            no-undef
  167:7    warning  'u2txt' is already defined                        no-redeclare
  167:15   warning  'paper' is not defined                            no-undef
  172:7    warning  'u2txt' is already defined                        no-redeclare
  172:15   warning  'paper' is not defined                            no-undef
  178:7    warning  'u2txt' is already defined                        no-redeclare
  178:15   warning  'paper' is not defined                            no-undef
  183:7    warning  'u2txt' is already defined                        no-redeclare
  183:15   warning  'paper' is not defined                            no-undef
  188:7    warning  'u2txt' is already defined                        no-redeclare
  188:15   warning  'paper' is not defined                            no-undef
  193:7    warning  'u2txt' is already defined                        no-redeclare
  193:15   warning  'paper' is not defined                            no-undef
  198:7    warning  'u2txt' is already defined                        no-redeclare
  198:15   warning  'paper' is not defined                            no-undef
  203:7    warning  'u2txt' is already defined                        no-redeclare
  203:7    warning  'u2txt' is assigned a value but never used        no-unused-vars
  203:15   warning  'paper' is not defined                            no-undef
  209:3    warning  'y1' is not defined                               no-undef
  210:24   warning  'event' is defined but never used                 no-unused-vars
  213:7    warning  'flag' is not defined                             no-undef
  214:6    warning  'y1' is not defined                               no-undef
  215:5    warning  'ht_in' is not defined                            no-undef
  216:5    warning  'flag' is not defined                             no-undef
  217:4    warning  Mixed spaces and tabs                             no-mixed-spaces-and-tabs
  218:4    warning  Mixed spaces and tabs                             no-mixed-spaces-and-tabs
  219:13   warning  'flag' is not defined                             no-undef
  221:5    warning  'ht_in' is not defined                            no-undef
  222:5    warning  'y1' is not defined                               no-undef
  222:10   warning  'y1' is not defined                               no-undef
  222:15   warning  'ht_in' is not defined                            no-undef
  224:18   warning  'x' is not defined                                no-undef
  224:20   warning  'y' is not defined                                no-undef
  225:56   warning  'time' is not defined                             no-undef
  228:14   warning  'x' is not defined                                no-undef
  228:17   warning  'y' is not defined                                no-undef
  229:17   warning  'x' is not defined                                no-undef
  229:19   warning  'y' is not defined                                no-undef
  230:55   warning  'time' is not defined                             no-undef
  237:24   warning  'event' is defined but never used                 no-unused-vars
  238:7    warning  'flag' is not defined                             no-undef
  239:5    warning  'ht_dec' is not defined                           no-undef
  246:16   warning  'x' is not defined                                no-undef
  246:19   warning  'y' is not defined                                no-undef
  247:18   warning  'x' is not defined                                no-undef
  247:20   warning  'y' is not defined                                no-undef
  248:35   warning  'x' is not defined                                no-undef
  248:37   warning  'y' is not defined                                no-undef
  248:44   warning  'time' is not defined                             no-undef
  259:4    warning  'flag' is not defined                             no-undef
  268:24   warning  'event' is defined but never used                 no-unused-vars
  269:4    warning  'flag' is not defined                             no-undef
  274:17   warning  'x' is not defined                                no-undef
  274:19   warning  'y' is not defined                                no-undef
  275:17   warning  'x' is not defined                                no-undef
  275:19   warning  'y' is not defined                                no-undef
  282:2    warning  Mixed spaces and tabs                             no-mixed-spaces-and-tabs
  283:11   warning  'paper' is not defined                            no-undef
  283:51   warning  'y1' is not defined                               no-undef
  284:3    warning  'level' is not defined                            no-undef
  284:57   warning  'y1' is not defined                               no-undef
  284:76   warning  'ht_in' is not defined                            no-undef
  285:16   warning  'time' is not defined                             no-undef
  286:3    warning  Unnecessary semicolon                             no-extra-semi
  289:2    warning  Mixed spaces and tabs                             no-mixed-spaces-and-tabs
  290:11   warning  'paper' is not defined                            no-undef
  291:3    warning  'level' is not defined                            no-undef
  292:59   warning  'ht_dec' is not defined                           no-undef
  294:6    warning  'time' is not defined                             no-undef
  295:3    warning  Unnecessary semicolon                             no-extra-semi
  298:2    warning  'paper' is not defined                            no-undef
  298:13   warning  'x' is not defined                                no-undef
  298:22   warning  'y' is not defined                                no-undef
  299:2    warning  'pc_txt' is not defined                           no-undef
  299:11   warning  'paper' is not defined                            no-undef
  299:22   warning  'x' is not defined                                no-undef
  299:31   warning  'y' is not defined                                no-undef
  301:2    warning  'paper' is not defined                            no-undef
  301:13   warning  'x' is not defined                                no-undef
  301:22   warning  'y' is not defined                                no-undef
  302:2    warning  'pt_txt' is not defined                           no-undef
  302:11   warning  'paper' is not defined                            no-undef
  302:22   warning  'x' is not defined                                no-undef
  302:31   warning  'y' is not defined                                no-undef
  304:24   warning  'x' is defined but never used                     no-unused-vars
  304:26   warning  'y' is defined but never used                     no-unused-vars
  305:3    warning  'intFact' is not defined                          no-undef
  305:20   warning  'time' is not defined                             no-undef
  306:2    warning  'pt_interval' is not defined                      no-undef
  310:15   warning  'intFact' is not defined                          no-undef
  312:5    warning  'pt_txt' is not defined                           no-undef
  314:3    warning  Mixed spaces and tabs                             no-mixed-spaces-and-tabs
  315:19   warning  'pt_interval' is not defined                      no-undef
  320:24   warning  'x' is defined but never used                     no-unused-vars
  320:26   warning  'y' is defined but never used                     no-unused-vars
  321:3    warning  'intPc' is not defined                            no-undef
  321:18   warning  'time' is not defined                             no-undef
  322:2    warning  'pc_interval' is not defined                      no-undef
  326:15   warning  'intPc' is not defined                            no-undef
  328:5    warning  'pc_txt' is not defined                           no-undef
  330:3    warning  Mixed spaces and tabs                             no-mixed-spaces-and-tabs
  331:19   warning  'pc_interval' is not defined                      no-undef
  337:24   warning  'x' is defined but never used                     no-unused-vars
  337:26   warning  'y' is defined but never used                     no-unused-vars
  338:3    warning  'ptDec' is not defined                            no-undef
  338:19   warning  'time' is not defined                             no-undef
  339:2    warning  'ptd_interval' is not defined                     no-undef
  343:15   warning  'ptDec' is not defined                            no-undef
  345:5    warning  'pt_txt' is not defined                           no-undef
  347:3    warning  Mixed spaces and tabs                             no-mixed-spaces-and-tabs
  348:19   warning  'ptd_interval' is not defined                     no-undef
  353:23   warning  'x' is defined but never used                     no-unused-vars
  353:25   warning  'y' is defined but never used                     no-unused-vars
  354:3    warning  'pcDec' is not defined                            no-undef
  354:14   warning  'time' is not defined                             no-undef
  355:2    warning  'pcd_interval' is not defined                     no-undef
  359:15   warning  'pcDec' is not defined                            no-undef
  361:5    warning  'pc_txt' is not defined                           no-undef
  363:3    warning  Mixed spaces and tabs                             no-mixed-spaces-and-tabs
  364:19   warning  'pcd_interval' is not defined                     no-undef

✖ 465 problems (1 error, 464 warnings)
  0 errors and 2 warnings potentially fixable with the `--fix` option.

